<?xml version="1.0" encoding="UTF-8"?>
<!-- Generated by org.testng.reporters.JUnitXMLReporter -->
<testsuite hostname="DESKTOP-A4QT04T" ignored="0" name="Default test" tests="5" failures="0" timestamp="27 Apr 2021 03:46:37 GMT" time="255.29" errors="0">
  <testcase name="test1" time="0.081" classname="org.testng.Adactin"/>
  <testcase name="test2" time="0.294" classname="org.testng.Adactin"/>
  <testcase name="test3" time="4.888" classname="org.testng.Adactin"/>
  <testcase name="test4" time="224.127" classname="org.testng.Adactin"/>
  <testcase name="test5" time="0.744" classname="org.testng.Adactin"/>
</testsuite> <!-- Default test -->
