<?xml version="1.0" encoding="UTF-8"?>
<testng-results skipped="0" failed="0" ignored="0" total="5" passed="5">
  <reporter-output>
  </reporter-output>
  <suite name="Default suite" duration-ms="255290" started-at="2021-04-27T03:42:21Z" finished-at="2021-04-27T03:46:37Z">
    <groups>
    </groups>
    <test name="Default test" duration-ms="255290" started-at="2021-04-27T03:42:21Z" finished-at="2021-04-27T03:46:37Z">
      <class name="org.testng.Adactin">
        <test-method status="PASS" signature="browserLaunch()[pri:0, instance:org.testng.Adactin@343f4d3d]" name="browserLaunch" is-config="true" duration-ms="24438" started-at="2021-04-27T09:12:21Z" finished-at="2021-04-27T09:12:46Z">
          <reporter-output>
          </reporter-output>
        </test-method> <!-- browserLaunch -->
        <test-method status="PASS" signature="timedate()[pri:0, instance:org.testng.Adactin@343f4d3d]" name="timedate" is-config="true" duration-ms="1" started-at="2021-04-27T09:12:46Z" finished-at="2021-04-27T09:12:46Z">
          <reporter-output>
          </reporter-output>
        </test-method> <!-- timedate -->
        <test-method status="PASS" signature="test1()[pri:0, instance:org.testng.Adactin@343f4d3d]" name="test1" duration-ms="81" started-at="2021-04-27T09:12:46Z" finished-at="2021-04-27T09:12:46Z">
          <reporter-output>
          </reporter-output>
        </test-method> <!-- test1 -->
        <test-method status="PASS" signature="timedate()[pri:0, instance:org.testng.Adactin@343f4d3d]" name="timedate" is-config="true" duration-ms="0" started-at="2021-04-27T09:12:46Z" finished-at="2021-04-27T09:12:46Z">
          <reporter-output>
          </reporter-output>
        </test-method> <!-- timedate -->
        <test-method status="PASS" signature="test2()[pri:0, instance:org.testng.Adactin@343f4d3d]" name="test2" duration-ms="294" started-at="2021-04-27T09:12:46Z" finished-at="2021-04-27T09:12:46Z">
          <reporter-output>
          </reporter-output>
        </test-method> <!-- test2 -->
        <test-method status="PASS" signature="timedate()[pri:0, instance:org.testng.Adactin@343f4d3d]" name="timedate" is-config="true" duration-ms="0" started-at="2021-04-27T09:12:46Z" finished-at="2021-04-27T09:12:46Z">
          <reporter-output>
          </reporter-output>
        </test-method> <!-- timedate -->
        <test-method status="PASS" signature="test3()[pri:0, instance:org.testng.Adactin@343f4d3d]" name="test3" duration-ms="4888" started-at="2021-04-27T09:12:46Z" finished-at="2021-04-27T09:12:51Z">
          <reporter-output>
          </reporter-output>
        </test-method> <!-- test3 -->
        <test-method status="PASS" signature="timedate()[pri:0, instance:org.testng.Adactin@343f4d3d]" name="timedate" is-config="true" duration-ms="1" started-at="2021-04-27T09:12:51Z" finished-at="2021-04-27T09:12:51Z">
          <reporter-output>
          </reporter-output>
        </test-method> <!-- timedate -->
        <test-method status="PASS" signature="test4()[pri:0, instance:org.testng.Adactin@343f4d3d]" name="test4" duration-ms="224127" started-at="2021-04-27T09:12:51Z" finished-at="2021-04-27T09:16:35Z">
          <reporter-output>
          </reporter-output>
        </test-method> <!-- test4 -->
        <test-method status="PASS" signature="timedate()[pri:0, instance:org.testng.Adactin@343f4d3d]" name="timedate" is-config="true" duration-ms="0" started-at="2021-04-27T09:16:35Z" finished-at="2021-04-27T09:16:35Z">
          <reporter-output>
          </reporter-output>
        </test-method> <!-- timedate -->
        <test-method status="PASS" signature="test5()[pri:0, instance:org.testng.Adactin@343f4d3d]" name="test5" duration-ms="744" started-at="2021-04-27T09:16:35Z" finished-at="2021-04-27T09:16:36Z">
          <reporter-output>
          </reporter-output>
        </test-method> <!-- test5 -->
        <test-method status="PASS" signature="reportGenerate()[pri:0, instance:org.testng.Adactin@343f4d3d]" name="reportGenerate" is-config="true" duration-ms="673" started-at="2021-04-27T09:16:36Z" finished-at="2021-04-27T09:16:37Z">
          <reporter-output>
          </reporter-output>
        </test-method> <!-- reportGenerate -->
      </class> <!-- org.testng.Adactin -->
    </test> <!-- Default test -->
  </suite> <!-- Default suite -->
</testng-results>
